<?xml version="1.0" encoding="UTF-8"?>
<testsuite name="TestSuite" time="61.314" tests="4" errors="0" skipped="0" failures="2">
  <properties>
    <property name="java.vendor" value="Oracle Corporation"/>
    <property name="JOB_NAME" value="NSWH_TEST002_EBS_Maven"/>
    <property name="sun.java.launcher" value="SUN_STANDARD"/>
    <property name="NUMBER_OF_PROCESSORS" value="4"/>
    <property name="sun.management.compiler" value="HotSpot 64-Bit Tiered Compilers"/>
    <property name="JENKINS_HOME" value="C:\Users\kumara\.jenkins"/>
    <property name="HUDSON_SERVER_COOKIE" value="a75e2f1ce802b464"/>
    <property name="os.name" value="Windows 10"/>
    <property name="sun.boot.class.path" value="C:\Program Files\Java\jdk1.8.0_202\jre\lib\resources.jar;C:\Program Files\Java\jdk1.8.0_202\jre\lib\rt.jar;C:\Program Files\Java\jdk1.8.0_202\jre\lib\sunrsasign.jar;C:\Program Files\Java\jdk1.8.0_202\jre\lib\jsse.jar;C:\Program Files\Java\jdk1.8.0_202\jre\lib\jce.jar;C:\Program Files\Java\jdk1.8.0_202\jre\lib\charsets.jar;C:\Program Files\Java\jdk1.8.0_202\jre\lib\jfr.jar;C:\Program Files\Java\jdk1.8.0_202\jre\classes"/>
    <property name="EXECUTOR_NUMBER" value="0"/>
    <property name="sun.desktop" value="windows"/>
    <property name="PATHEXT" value=".COM;.EXE;.BAT;.CMD;.VBS;.VBE;.JS;.JSE;.WSF;.WSH;.MSC;.PY;.PYW"/>
    <property name="java.vm.specification.vendor" value="Oracle Corporation"/>
    <property name="NODE_LABELS" value="master"/>
    <property name="TEMP" value="C:\Users\kumara\AppData\Local\Temp"/>
    <property name="java.runtime.version" value="1.8.0_202-b08"/>
    <property name="SE_TEST" value="C:\AppSE\test"/>
    <property name="HOMESHARE" value="\\nswhealth.net\eHealth\Users\Kumara"/>
    <property name="user.name" value="kumara"/>
    <property name="guice.disable.misplaced.annotation.check" value="true"/>
    <property name="CommonProgramW6432" value="C:\Program Files\Common Files"/>
    <property name="ProgramFiles" value="C:\Program Files"/>
    <property name="PROMPT" value="$P$G"/>
    <property name="user.language" value="en"/>
    <property name="JOB_BASE_NAME" value="NSWH_TEST002_EBS_Maven"/>
    <property name="RUN_CHANGES_DISPLAY_URL" value="http://localhost:8081/job/NSWH_TEST002_EBS_Maven/1/display/redirect?page=changes"/>
    <property name="BUILD_DISPLAY_NAME" value="#1"/>
    <property name="OneDrive" value="C:\Users\kumara\OneDrive"/>
    <property name="sun.boot.library.path" value="C:\Program Files\Java\jdk1.8.0_202\jre\bin"/>
    <property name="LOCALAPPDATA" value="C:\Users\kumara\AppData\Local"/>
    <property name="java.version" value="1.8.0_202"/>
    <property name="PROCESSOR_LEVEL" value="6"/>
    <property name="user.timezone" value="Australia/Sydney"/>
    <property name="USERNAME" value="kumara"/>
    <property name="sun.arch.data.model" value="64"/>
    <property name="NODE_NAME" value="master"/>
    <property name="java.endorsed.dirs" value="C:\Program Files\Java\jdk1.8.0_202\jre\lib\endorsed"/>
    <property name="BUILD_ID" value="1"/>
    <property name="sun.cpu.isalist" value="amd64"/>
    <property name="sun.jnu.encoding" value="Cp1252"/>
    <property name="file.encoding.pkg" value="sun.io"/>
    <property name="file.separator" value="\"/>
    <property name="java.specification.name" value="Java Platform API Specification"/>
    <property name="HOMEDRIVE" value="U:"/>
    <property name="maven.conf" value="C:\apache-maven-3.6.0\conf"/>
    <property name="java.class.version" value="52.0"/>
    <property name="SCITE_USERHOME" value="C:\Users\kumara\AppData\Local\AutoIt v3\SciTE"/>
    <property name="org.slf4j.simpleLogger.defaultLogLevel" value="info"/>
    <property name="user.country" value="AU"/>
    <property name="ALLUSERSPROFILE" value="C:\ProgramData"/>
    <property name="java.home" value="C:\Program Files\Java\jdk1.8.0_202\jre"/>
    <property name="java.vm.info" value="mixed mode"/>
    <property name="os.version" value="10.0"/>
    <property name="RUN_DISPLAY_URL" value="http://localhost:8081/job/NSWH_TEST002_EBS_Maven/1/display/redirect"/>
    <property name="TMP" value="C:\Users\kumara\AppData\Local\Temp"/>
    <property name="HELPER_SERVICE_PORT" value="7979"/>
    <property name="path.separator" value=";"/>
    <property name="java.vm.version" value="25.202-b08"/>
    <property name="user.variant" value=""/>
    <property name="JOB_DISPLAY_URL" value="http://localhost:8081/job/NSWH_TEST002_EBS_Maven/display/redirect"/>
    <property name="CommonProgramFiles(x86)" value="C:\Program Files (x86)\Common Files"/>
    <property name="USERDOMAIN_ROAMINGPROFILE" value="HEALTHTECH"/>
    <property name="java.awt.printerjob" value="sun.awt.windows.WPrinterJob"/>
    <property name="JAVA_HOME" value="C:\Program Files\Java\jdk1.8.0_202"/>
    <property name="sun.io.unicode.encoding" value="UnicodeLittle"/>
    <property name="CommonProgramFiles" value="C:\Program Files\Common Files"/>
    <property name="ComSpec" value="C:\WINDOWS\system32\cmd.exe"/>
    <property name="HOMEPATH" value="\"/>
    <property name="awt.toolkit" value="sun.awt.windows.WToolkit"/>
    <property name="USERDNSDOMAIN" value="HEALTHTECH.NSWHEALTH.NET"/>
    <property name="user.script" value=""/>
    <property name="COMPUTERNAME" value="EHL5CG8062239"/>
    <property name="snow_agent" value="C:\Program Files\Snow Software\Inventory\Agent"/>
    <property name="user.home" value="C:\Users\kumara"/>
    <property name="PUBLIC" value="C:\Users\Public"/>
    <property name="BUILD_TAG" value="jenkins-NSWH_TEST002_EBS_Maven-1"/>
    <property name="JENKINS_SERVER_COOKIE" value="a75e2f1ce802b464"/>
    <property name="HUDSON_URL" value="http://localhost:8081/"/>
    <property name="SE_HOME" value="C:\AppSE\selenium"/>
    <property name="ProgramData" value="C:\ProgramData"/>
    <property name="java.specification.vendor" value="Oracle Corporation"/>
    <property name="USERPROFILE" value="C:\Users\kumara"/>
    <property name="CLASSPATH" value=""/>
    <property name="java.vendor.url" value="http://java.oracle.com/"/>
    <property name="java.library.path" value="C:\Program Files\Java\jdk1.8.0_202\bin;C:\WINDOWS\Sun\Java\bin;C:\WINDOWS\system32;C:\WINDOWS;C:\apache-maven-3.6.0/bin;C:\Program Files\Java\jdk1.8.0_202/bin;C:\Program Files\Java\jdk1.8.0_202/bin;C:\Python27\;C:\Python27\Scripts;C:\Program Files (x86)\Python37-32\Scripts\;C:\Program Files (x86)\Python37-32\;C:\Program Files (x86)\Common Files\Oracle\Java\javapath;C:\app\ora\product\11.2.0\client_1\bin;C:\app\ora\product\11.2.0\client_1;C:\ProgramData\Oracle\Java\javapath;C:\WINDOWS\system32;C:\WINDOWS;C:\WINDOWS\System32\Wbem;C:\WINDOWS\System32\WindowsPowerShell\v1.0\;C:\WINDOWS\System32\OpenSSH\;C:\Program Files (x86)\Plantronics\Spokes3G\;C:\Program Files\TortoiseSVN\bin;C:\Program Files (x86)\Symantec\VIP Access Client\;C:\Program Files (x86)\Python37-32;C:\Program Files (x86)\Python37-32\Scripts;C:\Program Files\nodejs\;C:\ProgramData\chocolatey\bin;C:\Program Files\Java\jdk1.8.0_202\bin;C:\AppSE\eclipse-jee-2018-12-R\eclipse;C:\AppSE\selenium\wd;C:\apache-maven-3.6.0\\bin;C:\Program Files\Git\cmd;C:\Users\kumara\AppData\Local\Microsoft\WindowsApps;C:\Users\kumara\AppData\Local\Programs\Microsoft VS Code\bin;C:\Users\kumara\AppData\Roaming\npm;."/>
    <property name="java.vm.vendor" value="Oracle Corporation"/>
    <property name="APPDATA" value="C:\Users\kumara\AppData\Roaming"/>
    <property name="java.runtime.name" value="Java(TM) SE Runtime Environment"/>
    <property name="maven.home" value="C:\apache-maven-3.6.0"/>
    <property name="java.class.path" value="C:\Users\kumara\.jenkins\plugins\maven-plugin\WEB-INF\lib\maven35-agent-1.12.jar;C:\apache-maven-3.6.0\boot\plexus-classworlds-2.5.2.jar;C:\apache-maven-3.6.0/conf/logging"/>
    <property name="sun.java.command" value="jenkins.maven3.agent.Maven35Main C:\apache-maven-3.6.0 C:\Users\kumara\.jenkins\war\WEB-INF\lib\remoting-3.29.jar C:\Users\kumara\.jenkins\plugins\maven-plugin\WEB-INF\lib\maven35-interceptor-1.12.jar C:\Users\kumara\.jenkins\plugins\maven-plugin\WEB-INF\lib\maven3-interceptor-commons-1.12.jar 59237"/>
    <property name="Path" value="C:\Program Files\Java\jdk1.8.0_202/bin;C:\Python27\;C:\Python27\Scripts;C:\Program Files (x86)\Python37-32\Scripts\;C:\Program Files (x86)\Python37-32\;C:\Program Files (x86)\Common Files\Oracle\Java\javapath;C:\app\ora\product\11.2.0\client_1\bin;C:\app\ora\product\11.2.0\client_1;C:\ProgramData\Oracle\Java\javapath;C:\WINDOWS\system32;C:\WINDOWS;C:\WINDOWS\System32\Wbem;C:\WINDOWS\System32\WindowsPowerShell\v1.0\;C:\WINDOWS\System32\OpenSSH\;C:\Program Files (x86)\Plantronics\Spokes3G\;C:\Program Files\TortoiseSVN\bin;C:\Program Files (x86)\Symantec\VIP Access Client\;C:\Program Files (x86)\Python37-32;C:\Program Files (x86)\Python37-32\Scripts;C:\Program Files\nodejs\;C:\ProgramData\chocolatey\bin;C:\Program Files\Java\jdk1.8.0_202\bin;C:\AppSE\eclipse-jee-2018-12-R\eclipse;C:\AppSE\selenium\wd;C:\apache-maven-3.6.0\\bin;C:\Program Files\Git\cmd;C:\Users\kumara\AppData\Local\Microsoft\WindowsApps;C:\Users\kumara\AppData\Local\Programs\Microsoft VS Code\bin;C:\Users\kumara\AppData\Roaming\npm"/>
    <property name="java.vm.specification.name" value="Java Virtual Machine Specification"/>
    <property name="PROCESSOR_ARCHITECTURE" value="AMD64"/>
    <property name="PATH+JDK" value="C:\Program Files\Java\jdk1.8.0_202/bin"/>
    <property name="PROCESSOR_IDENTIFIER" value="Intel64 Family 6 Model 142 Stepping 9, GenuineIntel"/>
    <property name="java.vm.specification.version" value="1.8"/>
    <property name="sun.os.patch.level" value=""/>
    <property name="sun.cpu.endian" value="little"/>
    <property name="M2_HOME" value="C:\apache-maven-3.6.0"/>
    <property name="java.io.tmpdir" value="C:\Users\kumara\AppData\Local\Temp\"/>
    <property name="OS" value="Windows_NT"/>
    <property name="HUDSON_HOME" value="C:\Users\kumara\.jenkins"/>
    <property name="PATH+MAVEN" value="C:\apache-maven-3.6.0/bin"/>
    <property name="ProgramFiles(x86)" value="C:\Program Files (x86)"/>
    <property name="BUILD_URL" value="http://localhost:8081/job/NSWH_TEST002_EBS_Maven/1/"/>
    <property name="java.vendor.url.bug" value="http://bugreport.sun.com/bugreport/"/>
    <property name="java.awt.graphicsenv" value="sun.awt.Win32GraphicsEnvironment"/>
    <property name="os.arch" value="amd64"/>
    <property name="SystemRoot" value="C:\WINDOWS"/>
    <property name="java.ext.dirs" value="C:\Program Files\Java\jdk1.8.0_202\jre\lib\ext;C:\WINDOWS\Sun\Java\lib\ext"/>
    <property name="user.dir" value="C:\AppSE-WSMV02_EBS\NSWH_TEST002_EBS"/>
    <property name="JOB_URL" value="http://localhost:8081/job/NSWH_TEST002_EBS_Maven/"/>
    <property name="LOGONSERVER" value="\\HTS0788"/>
    <property name="USERDOMAIN" value="HEALTHTECH"/>
    <property name="line.separator" value="&#10;"/>
    <property name="MAVEN_HOME" value="C:\apache-maven-3.6.0"/>
    <property name="java.vm.name" value="Java HotSpot(TM) 64-Bit Server VM"/>
    <property name="BUILD_NUMBER" value="1"/>
    <property name="JENKINS_URL" value="http://localhost:8081/"/>
    <property name="PROCESSOR_REVISION" value="8e09"/>
    <property name="UATDATA" value="C:\WINDOWS\CCM\UATData\D9F8C395-CAB8-491d-B8AC-179A1FE1BE77"/>
    <property name="ProgramW6432" value="C:\Program Files"/>
    <property name="windir" value="C:\WINDOWS"/>
    <property name="=C:" value="C:\Program Files (x86)\Jenkins"/>
    <property name="ChocolateyLastPathUpdate" value="Mon Feb  4 17:08:12 2019"/>
    <property name="file.encoding" value="Cp1252"/>
    <property name="SystemDrive" value="C:"/>
    <property name="maven3.interceptor" value="C:\Users\kumara\.jenkins\plugins\maven-plugin\WEB-INF\lib\maven35-interceptor-1.12.jar"/>
    <property name="OATS_HOME" value="C:\OracleATS"/>
    <property name="WORKSPACE" value="C:\Users\kumara\.jenkins\workspace\NSWH_TEST002_EBS_Maven"/>
    <property name="ChocolateyInstall" value="C:\ProgramData\chocolatey"/>
    <property name="maven3.interceptor.common" value="C:\Users\kumara\.jenkins\plugins\maven-plugin\WEB-INF\lib\maven3-interceptor-commons-1.12.jar"/>
    <property name="java.specification.version" value="1.8"/>
    <property name="PSModulePath" value="C:\Program Files (x86)\WindowsPowerShell\Modules;C:\WINDOWS\system32\WindowsPowerShell\v1.0\Modules;C:\Program Files (x86)\AutoIt3\AutoItX"/>
    <property name="DriverData" value="C:\Windows\System32\Drivers\DriverData"/>
  </properties>
  <testcase name="loginDDT02" classname="com.ebs.ess.testCases.TC_LoginTestDDT" time="61.314"/>
  <testcase name="loginDDT02" classname="com.ebs.ess.testCases.TC_LoginTestDDT" time="6.848">
    <failure message="expected [true] but found [false]" type="java.lang.AssertionError">java.lang.AssertionError: expected [true] but found [false]
	at org.testng.Assert.fail(Assert.java:96)
	at org.testng.Assert.failNotEquals(Assert.java:776)
	at org.testng.Assert.assertTrue(Assert.java:44)
	at org.testng.Assert.assertTrue(Assert.java:54)
	at com.ebs.ess.testCases.TC_LoginTestDDT.loginDDT02(TC_LoginTestDDT.java:121)
</failure>
    <system-out><![CDATA[ INFO [main] (TC_LoginTestDDT.java:31)- 2 loginDDT02 - Entry Started.... wait 
 INFO [main] (TC_LoginTestDDT.java:38)- 2 loginDDT02 - URL is opened...
 INFO [main] (TC_LoginTestDDT.java:52)- BaseClass.Setup - URL is opened..
 INFO [main] (LoginPageEBS.java:20)- 2 LoginPage - Constructor...
 INFO [main] (LoginPageEBS.java:26)- 2 LoginPage - window...
 INFO [main] (LoginPageEBS.java:29)- 2 LoginPage - this...
 INFO [main] (TC_LoginTestDDT.java:60)- 2 loginDDT02 - Enter Username Page...
 INFO [main] (LoginPageEBS.java:58)- LoginPage - setUserName...
 INFO [main] (TC_LoginTestDDT.java:72)- 2 loginDDT02 - Entered Username...
 INFO [main] (TC_LoginTestDDT.java:76)- 2 loginDDT02 - clickContinue...
 INFO [main] (TC_LoginTestDDT.java:83)- 2 loginDDT02 - Password Page...
 INFO [main] (LoginPageEBS.java:68)- LoginPage - setPassword...
 INFO [main] (TC_LoginTestDDT.java:94)- 2 loginDDT02 - Entered Password..
 INFO [main] (LoginPageEBS.java:73)- LoginPage - pressEnter...
 INFO [main] (TC_LoginTestDDT.java:99)- 2 loginDDT02 - pressEnter...
 WARN [main] (TC_LoginTestDDT.java:109)- 2 loginDDT02 - Login failed...
 INFO [main] (BaseClass.java:112)- BaseClass.captureScreen ...
 INFO [main] (TC_LoginTestDDT.java:114)- 2 loginDDT02 - Screenshot Login failed.......
]]></system-out>
  </testcase>
  <testcase name="loginDDT02" classname="com.ebs.ess.testCases.TC_LoginTestDDT" time="3.113">
    <failure message="expected [true] but found [false]" type="java.lang.AssertionError">java.lang.AssertionError: expected [true] but found [false]
	at org.testng.Assert.fail(Assert.java:96)
	at org.testng.Assert.failNotEquals(Assert.java:776)
	at org.testng.Assert.assertTrue(Assert.java:44)
	at org.testng.Assert.assertTrue(Assert.java:54)
	at com.ebs.ess.testCases.TC_LoginTestDDT.loginDDT02(TC_LoginTestDDT.java:43)
</failure>
    <system-out><![CDATA[ INFO [main] (TC_LoginTestDDT.java:31)- 3 loginDDT02 - Entry Started.... wait 
 INFO [main] (TC_LoginTestDDT.java:38)- 3 loginDDT02 - URL is opened...
ERROR [main] (TC_LoginTestDDT.java:42)- 3 loginDDT02 - Userid AND/OR Password is Empty - Failed.......
]]></system-out>
  </testcase>
  <testcase name="loginDDT02" classname="com.ebs.ess.testCases.TC_LoginTestDDT" time="62.798"/>
</testsuite>